<?xml version="1.0" encoding="UTF-8"?>
<!-- Generated by org.testng.reporters.JUnitReportReporter -->
<testsuite hostname="MT-5CD12778F2" failures="0" tests="2" name="com.mindtree.runner.Tester" time="12.841" errors="0" timestamp="27 Oct 2021 08:34:52 GMT" skipped="0">
  <testcase classname="com.mindtree.runner.Tester" name="checkGooglePixel" time="5.850"/>
  <testcase classname="com.mindtree.runner.Tester" name="printThreeLinksUnderAppliances" time="6.991"/>
</testsuite> <!-- com.mindtree.runner.Tester -->
