<?xml version="1.0" encoding="UTF-8"?>
<!-- Generated by org.testng.reporters.JUnitReportReporter -->
<testsuite hostname="MT-5CD12778F2" failures="0" tests="2" name="com.mindtree.runner.CheckLogin" time="10.445" errors="0" timestamp="27 Oct 2021 08:34:52 GMT" skipped="0">
  <testcase classname="com.mindtree.runner.CheckLogin" name="checkIfLoggedIn" time="5.221"/>
  <testcase classname="com.mindtree.runner.CheckLogin" name="login" time="5.224"/>
</testsuite> <!-- com.mindtree.runner.CheckLogin -->
