<?xml version="1.0" encoding="UTF-8"?>
<!-- Generated by org.testng.reporters.JUnitReportReporter -->
<testsuite hostname="MT-5CD12778F2" failures="0" tests="2" name="com.mindtree.runner.CheckLogin" time="11.251" errors="0" timestamp="21 Oct 2021 12:29:35 GMT" skipped="0">
  <testcase classname="com.mindtree.runner.CheckLogin" name="login" time="6.059"/>
  <testcase classname="com.mindtree.runner.CheckLogin" name="checkIfLoggedIn" time="5.192"/>
</testsuite> <!-- com.mindtree.runner.CheckLogin -->
